/Applications/CLion.app/Contents/bin/cmake/mac/bin/cmake -DCMAKE_BUILD_TYPE=Debug -DCMAKE_MAKE_PROGRAM=/Applications/CLion.app/Contents/bin/ninja/mac/ninja -DCMAKE_C_COMPILER=/usr/local/bin/arm-none-eabi-gcc -DCMAKE_CXX_COMPILER=/usr/local/bin/arm-none-eabi-g++ -G Ninja /Users/user/Documents/STM32/GB_1/Microcontrollers_Introductory_course/lesson_5
-- The C compiler identification is GNU 10.3.1
-- Checking whether C compiler has -isysroot
-- Checking whether C compiler has -isysroot - yes
-- Checking whether C compiler supports OSX deployment target flag
-- Checking whether C compiler supports OSX deployment target flag - no
-- Detecting C compiler ABI info
-- Detecting C compiler ABI info - failed
-- Check for working C compiler: /usr/local/bin/arm-none-eabi-gcc
-- Check for working C compiler: /usr/local/bin/arm-none-eabi-gcc - broken
CMake Error at /Applications/CLion.app/Contents/bin/cmake/mac/share/cmake-3.21/Modules/CMakeTestCCompiler.cmake:69 (message):
  The C compiler

    "/usr/local/bin/arm-none-eabi-gcc"

  is not able to compile a simple test program.

  It fails with the following output:

    Change Dir: /Users/user/Documents/STM32/GB_1/Microcontrollers_Introductory_course/lesson_5/cmake-build-debug/CMakeFiles/CMakeTmp
    
    Run Build Command(s):/Applications/CLion.app/Contents/bin/ninja/mac/ninja cmTC_8fb7f && [1/2] Building C object CMakeFiles/cmTC_8fb7f.dir/testCCompiler.c.o
    [2/2] Linking C executable cmTC_8fb7f
    FAILED: cmTC_8fb7f 
    : && /usr/local/bin/arm-none-eabi-gcc -isysroot /Library/Developer/CommandLineTools/SDKs/MacOSX10.15.sdk -Wl,-search_paths_first -Wl,-headerpad_max_install_names  CMakeFiles/cmTC_8fb7f.dir/testCCompiler.c.o -o cmTC_8fb7f   && :
    /Applications/ARM/bin/../lib/gcc/arm-none-eabi/10.3.1/../../../../arm-none-eabi/bin/ld: Error: unable to disambiguate: -search_paths_first (did you mean --search_paths_first ?)
    collect2: error: ld returned 1 exit status
    ninja: build stopped: subcommand failed.
    
    

  

  CMake will not be able to correctly generate this project.
Call Stack (most recent call first):
  CMakeLists.txt:2 (project)


-- Configuring incomplete, errors occurred!
See also "/Users/user/Documents/STM32/GB_1/Microcontrollers_Introductory_course/lesson_5/cmake-build-debug/CMakeFiles/CMakeOutput.log".
See also "/Users/user/Documents/STM32/GB_1/Microcontrollers_Introductory_course/lesson_5/cmake-build-debug/CMakeFiles/CMakeError.log".
